Determining if the pthread_create exist failed with the following output:
Change Dir: /home/giorgio/source/srrg/srrg_orazio_core/build/CMakeFiles/CMakeTmp

Run Build Command:/usr/bin/make "cmTryCompileExec2194310470/fast"
/usr/bin/make -f CMakeFiles/cmTryCompileExec2194310470.dir/build.make CMakeFiles/cmTryCompileExec2194310470.dir/build
make[1]: Entering directory `/home/giorgio/source/srrg/srrg_orazio_core/build/CMakeFiles/CMakeTmp'
/usr/bin/cmake -E cmake_progress_report /home/giorgio/source/srrg/srrg_orazio_core/build/CMakeFiles/CMakeTmp/CMakeFiles 1
Building C object CMakeFiles/cmTryCompileExec2194310470.dir/CheckSymbolExists.c.o
/usr/bin/cc    -o CMakeFiles/cmTryCompileExec2194310470.dir/CheckSymbolExists.c.o   -c /home/giorgio/source/srrg/srrg_orazio_core/build/CMakeFiles/CMakeTmp/CheckSymbolExists.c
Linking C executable cmTryCompileExec2194310470
/usr/bin/cmake -E cmake_link_script CMakeFiles/cmTryCompileExec2194310470.dir/link.txt --verbose=1
/usr/bin/cc       CMakeFiles/cmTryCompileExec2194310470.dir/CheckSymbolExists.c.o  -o cmTryCompileExec2194310470 -rdynamic 
CMakeFiles/cmTryCompileExec2194310470.dir/CheckSymbolExists.c.o: In function `main':
CheckSymbolExists.c:(.text+0x16): undefined reference to `pthread_create'
collect2: error: ld returned 1 exit status
make[1]: *** [cmTryCompileExec2194310470] Error 1
make[1]: Leaving directory `/home/giorgio/source/srrg/srrg_orazio_core/build/CMakeFiles/CMakeTmp'
make: *** [cmTryCompileExec2194310470/fast] Error 2

File /home/giorgio/source/srrg/srrg_orazio_core/build/CMakeFiles/CMakeTmp/CheckSymbolExists.c:
/* */
#include <pthread.h>

int main(int argc, char** argv)
{
  (void)argv;
#ifndef pthread_create
  return ((int*)(&pthread_create))[argc];
#else
  (void)argc;
  return 0;
#endif
}

Determining if the function pthread_create exists in the pthreads failed with the following output:
Change Dir: /home/giorgio/source/srrg/srrg_orazio_core/build/CMakeFiles/CMakeTmp

Run Build Command:/usr/bin/make "cmTryCompileExec2489614148/fast"
/usr/bin/make -f CMakeFiles/cmTryCompileExec2489614148.dir/build.make CMakeFiles/cmTryCompileExec2489614148.dir/build
make[1]: Entering directory `/home/giorgio/source/srrg/srrg_orazio_core/build/CMakeFiles/CMakeTmp'
/usr/bin/cmake -E cmake_progress_report /home/giorgio/source/srrg/srrg_orazio_core/build/CMakeFiles/CMakeTmp/CMakeFiles 1
Building C object CMakeFiles/cmTryCompileExec2489614148.dir/CheckFunctionExists.c.o
/usr/bin/cc   -DCHECK_FUNCTION_EXISTS=pthread_create   -o CMakeFiles/cmTryCompileExec2489614148.dir/CheckFunctionExists.c.o   -c /usr/share/cmake-2.8/Modules/CheckFunctionExists.c
Linking C executable cmTryCompileExec2489614148
/usr/bin/cmake -E cmake_link_script CMakeFiles/cmTryCompileExec2489614148.dir/link.txt --verbose=1
/usr/bin/cc   -DCHECK_FUNCTION_EXISTS=pthread_create    CMakeFiles/cmTryCompileExec2489614148.dir/CheckFunctionExists.c.o  -o cmTryCompileExec2489614148 -rdynamic -lpthreads 
/usr/bin/ld: cannot find -lpthreads
collect2: error: ld returned 1 exit status
make[1]: *** [cmTryCompileExec2489614148] Error 1
make[1]: Leaving directory `/home/giorgio/source/srrg/srrg_orazio_core/build/CMakeFiles/CMakeTmp'
make: *** [cmTryCompileExec2489614148/fast] Error 2


